Started at 목 4월 11 02:36:33 UTC 2024
Processing free-first-project
Offering free-first-project to Project Build Discarder
Finished at 목 4월 11 02:36:34 UTC 2024. 64ms
Started at 목 4월 11 03:36:33 UTC 2024
Processing free-first-project
Offering free-first-project to Project Build Discarder
Processing test
Offering test to Project Build Discarder
Finished at 목 4월 11 03:36:33 UTC 2024. 18ms
Started at 목 4월 11 05:20:36 UTC 2024
Processing free-first-project
Offering free-first-project to Project Build Discarder
Processing test
Offering test to Project Build Discarder
Finished at 목 4월 11 05:20:36 UTC 2024. 25ms
Started at 목 4월 11 06:20:36 UTC 2024
Processing free-first-project
Offering free-first-project to Project Build Discarder
Processing test
Offering test to Project Build Discarder
Finished at 목 4월 11 06:20:36 UTC 2024. 20ms
Started at 목 4월 11 07:20:36 UTC 2024
Processing free-first-project
Offering free-first-project to Project Build Discarder
Processing test
Offering test to Project Build Discarder
Finished at 목 4월 11 07:20:36 UTC 2024. 23ms
Started at 목 4월 11 08:20:36 UTC 2024
Processing free-first-project
Offering free-first-project to Project Build Discarder
Processing test
Offering test to Project Build Discarder
Finished at 목 4월 11 08:20:36 UTC 2024. 15ms
Started at 목 4월 11 12:13:12 UTC 2024
Processing free-first-project
Offering free-first-project to Project Build Discarder
Processing test
Offering test to Project Build Discarder
Finished at 목 4월 11 12:13:12 UTC 2024. 29ms
Started at 목 4월 11 15:28:58 UTC 2024
Processing free-first-project
Offering free-first-project to Project Build Discarder
Processing test
Offering test to Project Build Discarder
Finished at 목 4월 11 15:28:58 UTC 2024. 177ms
Started at 금 4월 12 00:23:44 UTC 2024
Processing first-pipeline
Offering first-pipeline to Project Build Discarder
Processing free-first-project
Offering free-first-project to Project Build Discarder
Processing test
Offering test to Project Build Discarder
Finished at 금 4월 12 00:23:44 UTC 2024. 17ms
